2014-03-03 18:39:50.025 PollStar[89675:a0b] Multi-tasking -> Device: YES, App: YES
2014-03-03 18:39:50.085 PollStar[89675:a0b] Unlimited access to network resources
2014-03-03 18:39:50.851 PollStar[89675:a0b] Resetting plugins due to page load.
2014-03-03 18:39:51.239 PollStar[89675:a0b] Finished load of: file:///Users/pranavram/Library/Application%20Support/iPhone%20Simulator/7.0/Applications/DB8F4BF4-F708-477F-B4DC-1964552AFCC0/PollStar.app/www/index.html
2014-03-03 18:58:38.721 PollStar[90675:a0b] Multi-tasking -> Device: YES, App: YES
2014-03-03 18:58:38.735 PollStar[90675:a0b] Unlimited access to network resources
2014-03-03 18:58:39.169 PollStar[90675:a0b] Resetting plugins due to page load.
2014-03-03 18:58:39.508 PollStar[90675:a0b] Finished load of: file:///Users/pranavram/Library/Application%20Support/iPhone%20Simulator/7.0/Applications/DB8F4BF4-F708-477F-B4DC-1964552AFCC0/PollStar.app/www/index.html
2014-03-03 18:59:47.095 PollStar[91437:a0b] Multi-tasking -> Device: YES, App: YES
2014-03-03 18:59:47.110 PollStar[91437:a0b] Unlimited access to network resources
2014-03-03 18:59:47.582 PollStar[91437:a0b] Resetting plugins due to page load.
2014-03-03 18:59:48.118 PollStar[91437:a0b] Finished load of: file:///Users/pranavram/Library/Application%20Support/iPhone%20Simulator/7.0/Applications/DB8F4BF4-F708-477F-B4DC-1964552AFCC0/PollStar.app/www/index.html
2014-03-03 19:02:06.581 PollStar[92225:a0b] Multi-tasking -> Device: YES, App: YES
2014-03-03 19:02:06.598 PollStar[92225:a0b] Unlimited access to network resources
2014-03-03 19:02:07.020 PollStar[92225:a0b] Resetting plugins due to page load.
2014-03-03 19:02:08.026 PollStar[92225:a0b] Finished load of: file:///Users/pranavram/Library/Application%20Support/iPhone%20Simulator/7.0/Applications/DB8F4BF4-F708-477F-B4DC-1964552AFCC0/PollStar.app/www/index.html
2014-03-03 19:10:19.652 PollStar[93060:a0b] Multi-tasking -> Device: YES, App: YES
2014-03-03 19:10:19.669 PollStar[93060:a0b] Unlimited access to network resources
2014-03-03 19:10:20.104 PollStar[93060:a0b] Resetting plugins due to page load.
2014-03-03 19:10:20.478 PollStar[93060:a0b] Finished load of: file:///Users/pranavram/Library/Application%20Support/iPhone%20Simulator/7.0/Applications/DB8F4BF4-F708-477F-B4DC-1964552AFCC0/PollStar.app/www/index.html
2014-03-04 00:58:39.489 PollStar[98414:a0b] Multi-tasking -> Device: YES, App: YES
2014-03-04 00:58:39.545 PollStar[98414:a0b] Unlimited access to network resources
2014-03-04 00:58:40.083 PollStar[98414:a0b] Resetting plugins due to page load.
2014-03-04 00:58:40.407 PollStar[98414:a0b] Finished load of: file:///Users/pranavram/Library/Application%20Support/iPhone%20Simulator/7.0/Applications/DB8F4BF4-F708-477F-B4DC-1964552AFCC0/PollStar.app/www/index.html
2014-03-04 01:21:49.158 PollStar[99389:a0b] Multi-tasking -> Device: YES, App: YES
2014-03-04 01:21:49.215 PollStar[99389:a0b] Unlimited access to network resources
2014-03-04 01:21:49.960 PollStar[99389:a0b] Resetting plugins due to page load.
2014-03-04 01:21:50.297 PollStar[99389:a0b] Finished load of: file:///Users/pranavram/Library/Application%20Support/iPhone%20Simulator/7.0/Applications/DB8F4BF4-F708-477F-B4DC-1964552AFCC0/PollStar.app/www/index.html
2014-03-04 01:30:02.222 PollStar[386:a0b] Multi-tasking -> Device: YES, App: YES
2014-03-04 01:30:02.242 PollStar[386:a0b] Unlimited access to network resources
2014-03-04 01:30:02.782 PollStar[386:a0b] Resetting plugins due to page load.
2014-03-04 01:30:03.158 PollStar[386:a0b] Finished load of: file:///Users/pranavram/Library/Application%20Support/iPhone%20Simulator/7.0/Applications/DB8F4BF4-F708-477F-B4DC-1964552AFCC0/PollStar.app/www/index.html
2014-03-04 13:22:14.160 PollStar[10077:a0b] Multi-tasking -> Device: YES, App: YES
2014-03-04 13:22:14.243 PollStar[10077:a0b] Unlimited access to network resources
2014-03-04 13:22:15.136 PollStar[10077:a0b] Resetting plugins due to page load.
2014-03-04 13:22:15.559 PollStar[10077:a0b] Finished load of: file:///Users/pranavram/Library/Application%20Support/iPhone%20Simulator/7.0/Applications/DB8F4BF4-F708-477F-B4DC-1964552AFCC0/PollStar.app/www/index.html
2014-03-04 13:29:36.259 PollStar[10994:a0b] Multi-tasking -> Device: YES, App: YES
2014-03-04 13:29:36.314 PollStar[10994:a0b] Unlimited access to network resources
2014-03-04 13:29:36.788 PollStar[10994:a0b] Resetting plugins due to page load.
2014-03-04 13:29:37.122 PollStar[10994:a0b] Finished load of: file:///Users/pranavram/Library/Application%20Support/iPhone%20Simulator/7.0/Applications/DB8F4BF4-F708-477F-B4DC-1964552AFCC0/PollStar.app/www/index.html
2014-03-04 13:36:40.618 PollStar[11856:a0b] Multi-tasking -> Device: YES, App: YES
2014-03-04 13:36:40.683 PollStar[11856:a0b] Unlimited access to network resources
2014-03-04 13:36:41.280 PollStar[11856:a0b] Resetting plugins due to page load.
2014-03-04 13:36:41.615 PollStar[11856:a0b] Finished load of: file:///Users/pranavram/Library/Application%20Support/iPhone%20Simulator/7.0/Applications/DB8F4BF4-F708-477F-B4DC-1964552AFCC0/PollStar.app/www/index.html
2014-03-04 13:39:09.135 PollStar[12663:a0b] Multi-tasking -> Device: YES, App: YES
2014-03-04 13:39:09.154 PollStar[12663:a0b] Unlimited access to network resources
2014-03-04 13:39:09.531 PollStar[12663:a0b] Resetting plugins due to page load.
2014-03-04 13:39:09.773 PollStar[12663:a0b] Finished load of: file:///Users/pranavram/Library/Application%20Support/iPhone%20Simulator/7.0/Applications/DB8F4BF4-F708-477F-B4DC-1964552AFCC0/PollStar.app/www/index.html
2014-03-04 13:52:25.358 PollStar[13928:a0b] Multi-tasking -> Device: YES, App: YES
2014-03-04 13:52:25.427 PollStar[13928:a0b] Unlimited access to network resources
2014-03-04 13:52:26.050 PollStar[13928:a0b] Resetting plugins due to page load.
2014-03-04 13:52:26.369 PollStar[13928:a0b] Finished load of: file:///Users/pranavram/Library/Application%20Support/iPhone%20Simulator/7.0/Applications/DB8F4BF4-F708-477F-B4DC-1964552AFCC0/PollStar.app/www/index.html
2014-03-04 13:52:34.140 PollStar[13928:a0b] THREAD WARNING: ['Camera'] took '60.000977' ms. Plugin should use a background thread.
